// 重构日志: 48b0e254
// 重构日志: 2198cd7d
// 同步 ID: 3f37b073 @ Mon Jun 22 22:03:01 UTC 2026
// 同步 ID: e50136aa @ Tue Jun 23 12:40:56 UTC 2026
// 同步 ID: 446f7127 @ Thu Jun 25 16:10:39 UTC 2026
// 重构日志: f6fda4eb
// 重构日志: 4d6b7ae8
// 重构日志: f1675191
// 重构日志: c76e6a3e
// 重构日志: ea17c1c2
// 重构日志: 09fe3118
// 同步 ID: 51215fb0 @ Sun Jun 28 06:52:04 UTC 2026
// 重构日志: 00c57853
// 重构日志: 72aecd06
// 重构日志: eb468ef5
// 重构日志: 1b7143c5
// 重构日志: 8192da8b
// 重构日志: 79654d02
// 重构日志: caaa7722
// 重构日志: 63c7433d
// 重构日志: 79849df0
// 重构日志: a96ef921
// 同步 ID: 7f22d155 @ Sat Jul  4 02:07:22 UTC 2026
// 同步 ID: ef36d4e9 @ Sat Jul  4 11:06:14 UTC 2026
// 重构日志: 0946e0d7
// 重构日志: 9f5afa2c
// 重构日志: 35f19e48
// 重构日志: 300a0d36
// 同步 ID: 1acfc157 @ Mon Jul  6 01:39:20 UTC 2026
// 同步 ID: 501e702d @ Mon Jul  6 14:50:45 UTC 2026
// 重构日志: 6cd4b264
// 重构日志: c70a97c9
